2022-10-18 20:29:00,337 [INFO] Activator:177 - 


2022-10-18 20:29:00,337 [INFO] Activator:178 - !SESSION log4j initialized
2022-10-18 20:29:27,048 [ERROR] LogOutputStream:74 - [STDERR_REDIRECT] SLF4J: Failed to load class "org.slf4j.impl.StaticLoggerBinder".
2022-10-18 20:29:27,058 [ERROR] LogOutputStream:74 - [STDERR_REDIRECT] SLF4J: Defaulting to no-operation (NOP) logger implementation
2022-10-18 20:29:27,058 [ERROR] LogOutputStream:74 - [STDERR_REDIRECT] SLF4J: See http://www.slf4j.org/codes.html#StaticLoggerBinder for further details.
2022-10-18 20:33:04,004 [INFO] McuFinderGlobals:44 - Set McuFinder mode to 2 (CubeIDE integrated)
2022-10-18 20:33:04,774 [INFO] ApplicationProperties:181 - Using Application install path: D:\ST\STM32CubeIDE_1.8.0\STM32CubeIDE\plugins\com.st.stm32cube.common.mx_6.6.1.202207061420
2022-10-18 20:33:04,794 [INFO] DbMcusXml:77 - Set database path to: D:\ST\STM32CubeIDE_1.8.0\STM32CubeIDE\plugins\com.st.stm32cube.common.mx_6.6.1.202207061420\\db\/mcu/
2022-10-18 20:33:04,794 [INFO] ApiDb:269 - Set plugin database path to: D:\ST\STM32CubeIDE_1.8.0\STM32CubeIDE\plugins\com.st.stm32cube.common.mx_6.6.1.202207061420\\db\/plugins/boardmanager/
2022-10-18 20:33:04,794 [WARN] ApiDb:254 - Overriding images path with different value:  => D:\ST\STM32CubeIDE_1.8.0\STM32CubeIDE\plugins\com.st.stm32cube.common.mx_6.6.1.202207061420\\db\/plugins/mcufinder/images/
2022-10-18 20:33:04,845 [INFO] ApiDb:249 - Set database path to: C:\Users\10990\.stmcufinder\plugins\mcufinder//mcu/
2022-10-18 20:33:04,845 [INFO] DbMcusAds:124 - Set database path to: C:\Users\10990\.stmcufinder\plugins\mcufinder//mcu/
2022-10-18 20:33:05,006 [INFO] CrossReferenceDbSqlite:201 - Set database path to: C:\Users\10990\.stmcufinder\plugins\mcufinder//mcu/cs/
2022-10-18 20:33:05,138 [INFO] RulesReader:61 - Compatibility file has been processed (282 Rules)
2022-10-18 20:33:05,249 [INFO] DbMcusXml:77 - Set database path to: D:\ST\STM32CubeIDE_1.8.0\STM32CubeIDE\plugins\com.st.stm32cube.common.mx_6.6.1.202207061420\\db\/mcu/
2022-10-18 20:33:05,249 [INFO] ApiDb:269 - Set plugin database path to: D:\ST\STM32CubeIDE_1.8.0\STM32CubeIDE\plugins\com.st.stm32cube.common.mx_6.6.1.202207061420\\db\/plugins/boardmanager/
2022-10-18 20:33:05,249 [INFO] ApiDb:256 - Set plugin images path to: D:\ST\STM32CubeIDE_1.8.0\STM32CubeIDE\plugins\com.st.stm32cube.common.mx_6.6.1.202207061420\\db\/plugins/mcufinder/images/
2022-10-18 20:33:05,249 [WARN] DbFile:40 - Overriding database path with different value: C:\Users\10990\.stmcufinder\plugins\mcufinder/ => C:\Users\10990\.stmcufinder\plugins\mcufinder
2022-10-18 20:33:05,249 [INFO] ApiDb:249 - Set database path to: C:\Users\10990\.stmcufinder\plugins\mcufinder//mcu/
2022-10-18 20:33:05,249 [WARN] DbFile:40 - Overriding database path with different value: C:\Users\10990\.stmcufinder\plugins\mcufinder/ => C:\Users\10990\.stmcufinder\plugins\mcufinder
2022-10-18 20:33:05,249 [INFO] DbMcusAds:124 - Set database path to: C:\Users\10990\.stmcufinder\plugins\mcufinder//mcu/
2022-10-18 20:33:05,249 [WARN] DbFile:40 - Overriding database path with different value: C:\Users\10990\.stmcufinder\plugins\mcufinder/ => C:\Users\10990\.stmcufinder\plugins\mcufinder
2022-10-18 20:33:05,249 [WARN] DbFile:40 - Overriding database path with different value: C:\Users\10990\.stmcufinder\plugins\mcufinder/ => C:\Users\10990\.stmcufinder\plugins\mcufinder
2022-10-18 20:33:05,249 [INFO] CrossReferenceDbSqlite:201 - Set database path to: C:\Users\10990\.stmcufinder\plugins\mcufinder//mcu/cs/
2022-10-18 20:33:05,360 [INFO] MainPanel:242 - HeapMemory: 402653184
2022-10-18 20:33:05,521 [INFO] DbMcusXml:77 - Set database path to: D:\ST\STM32CubeIDE_1.8.0\STM32CubeIDE\plugins\com.st.stm32cube.common.mx_6.6.1.202207061420\\db\/mcu/
2022-10-18 20:33:05,521 [INFO] ApiDb:269 - Set plugin database path to: D:\ST\STM32CubeIDE_1.8.0\STM32CubeIDE\plugins\com.st.stm32cube.common.mx_6.6.1.202207061420\\db\/plugins/boardmanager/
2022-10-18 20:33:05,529 [INFO] ApiDb:256 - Set plugin images path to: D:\ST\STM32CubeIDE_1.8.0\STM32CubeIDE\plugins\com.st.stm32cube.common.mx_6.6.1.202207061420\\db\/plugins/mcufinder/images/
2022-10-18 20:33:05,529 [WARN] DbFile:40 - Overriding database path with different value: C:\Users\10990\.stmcufinder\plugins\mcufinder/ => C:\Users\10990\.stmcufinder\plugins\mcufinder
2022-10-18 20:33:05,529 [INFO] ApiDb:249 - Set database path to: C:\Users\10990\.stmcufinder\plugins\mcufinder//mcu/
2022-10-18 20:33:05,529 [WARN] DbFile:40 - Overriding database path with different value: C:\Users\10990\.stmcufinder\plugins\mcufinder/ => C:\Users\10990\.stmcufinder\plugins\mcufinder
2022-10-18 20:33:05,529 [INFO] DbMcusAds:124 - Set database path to: C:\Users\10990\.stmcufinder\plugins\mcufinder//mcu/
2022-10-18 20:33:05,529 [WARN] DbFile:40 - Overriding database path with different value: C:\Users\10990\.stmcufinder\plugins\mcufinder/ => C:\Users\10990\.stmcufinder\plugins\mcufinder
2022-10-18 20:33:05,529 [WARN] DbFile:40 - Overriding database path with different value: C:\Users\10990\.stmcufinder\plugins\mcufinder/ => C:\Users\10990\.stmcufinder\plugins\mcufinder
2022-10-18 20:33:05,529 [INFO] CrossReferenceDbSqlite:201 - Set database path to: C:\Users\10990\.stmcufinder\plugins\mcufinder//mcu/cs/
2022-10-18 20:33:05,562 [INFO] ApplicationProperties:181 - Using Application install path: D:\ST\STM32CubeIDE_1.8.0\STM32CubeIDE\plugins\com.st.stm32cube.common.mx_6.6.1.202207061420
2022-10-18 20:33:05,562 [INFO] PluginManage:193 - Search for loadable plugins [exclusion list=, ]
2022-10-18 20:33:05,562 [INFO] PluginManage:307 - Check plugin analytics
2022-10-18 20:33:05,885 [INFO] AnalyticsPlugin:262 - Accepted Software Licenses: STM32CubeMX.6.2.1
2022-10-18 20:33:05,893 [INFO] AnalyticsPlugin:264 - Accepted CMSIS Pack Licenses: STMicroelectronics.X-CUBE-AI.7.2.0,STMicroelectronics.X-CUBE-BLE1.6.2.3,STMicroelectronics.X-CUBE-MEMS1.9.3.0
2022-10-18 20:33:05,893 [INFO] AnalyticsPlugin:266 - Accepted Firmware Licenses: 
2022-10-18 20:33:05,905 [INFO] PluginManage:356 - Loaded plugin analytics (category:tool,tabindex:-1)
2022-10-18 20:33:05,913 [INFO] PluginManage:307 - Check plugin cadmodel
2022-10-18 20:33:05,925 [INFO] CADModel:65 - Init CAD model plugin
2022-10-18 20:33:05,933 [INFO] PluginManage:356 - Loaded plugin cadmodel (category:power,tabindex:5)
2022-10-18 20:33:05,933 [INFO] PluginManage:307 - Check plugin clock
2022-10-18 20:33:05,956 [INFO] PluginManage:356 - Loaded plugin clock (category:base,tabindex:2)
2022-10-18 20:33:05,964 [INFO] PluginManage:307 - Check plugin ddr
2022-10-18 20:33:05,966 [INFO] PluginManage:356 - Loaded plugin ddr (category:tool,tabindex:6)
2022-10-18 20:33:05,966 [INFO] PluginManage:307 - Check plugin filemanager
2022-10-18 20:33:06,178 [INFO] PluginManage:356 - Loaded plugin filemanager (category:base,tabindex:10)
2022-10-18 20:33:06,178 [INFO] PluginManage:307 - Check plugin ipmanager
2022-10-18 20:33:06,188 [INFO] PluginManage:356 - Loaded plugin ipmanager (category:base,tabindex:5)
2022-10-18 20:33:06,196 [INFO] PluginManage:307 - Check plugin lpbam
2022-10-18 20:33:06,218 [INFO] PluginManage:356 - Loaded plugin lpbam (category:base,tabindex:0)
2022-10-18 20:33:06,218 [INFO] PluginManage:307 - Check plugin pinoutandconfiguration
2022-10-18 20:33:06,238 [INFO] PluginManage:356 - Loaded plugin pinoutandconfiguration (category:base,tabindex:1)
2022-10-18 20:33:06,238 [INFO] PluginManage:307 - Check plugin pinoutconfig
2022-10-18 20:33:06,307 [INFO] PluginManage:356 - Loaded plugin pinoutconfig (category:base,tabindex:0)
2022-10-18 20:33:06,309 [INFO] PluginManage:307 - Check plugin power
2022-10-18 20:33:06,329 [INFO] PluginManage:356 - Loaded plugin power (category:power,tabindex:4)
2022-10-18 20:33:06,329 [INFO] PluginManage:307 - Check plugin projectmanager
2022-10-18 20:33:06,359 [INFO] PluginManage:356 - Loaded plugin projectmanager (category:projectmanager,tabindex:3)
2022-10-18 20:33:06,359 [INFO] PluginManage:307 - Check plugin thirdparty
2022-10-18 20:33:06,691 [WARN] IntegrityCheckThread:82 - waiting for thirdparty lock release [integrity check]
2022-10-18 20:33:06,693 [INFO] IntegrityCheckThread:84 - entering critical section [integrity check]
2022-10-18 20:33:06,693 [INFO] PluginManage:356 - Loaded plugin thirdparty (category:base,tabindex:-1)
2022-10-18 20:33:06,693 [INFO] PluginManage:307 - Check plugin tools
2022-10-18 20:33:06,693 [INFO] ThirdPartyUpdaterWithRetryManager:70 - Updater plugin not ready yet. [1/15]
2022-10-18 20:33:06,724 [INFO] PluginManage:356 - Loaded plugin tools (category:base,tabindex:7)
2022-10-18 20:33:06,724 [INFO] PluginManage:307 - Check plugin tutovideos
2022-10-18 20:33:06,997 [INFO] PluginManage:356 - Loaded plugin tutovideos (category:base,tabindex:-1)
2022-10-18 20:33:07,005 [INFO] PluginManage:307 - Check plugin updater
2022-10-18 20:33:07,017 [INFO] PluginManage:356 - Loaded plugin updater (category:base,tabindex:12)
2022-10-18 20:33:07,017 [INFO] PluginManage:280 - PluginManage : Loaded plugins [15]
2022-10-18 20:33:07,378 [INFO] PinOutPanel:1468 - setPackage(No Configuration,No Configuration)
2022-10-18 20:33:07,481 [INFO] CADModel:98 - CPN selected for project level
2022-10-18 20:33:07,512 [INFO] IPUIPlugin:79 - create IPUIPlugin
2022-10-18 20:33:07,512 [INFO] PluginManager:217 - loadIPPluginJar : add adc
2022-10-18 20:33:07,552 [INFO] IPUIPlugin:79 - create IPUIPlugin
2022-10-18 20:33:07,552 [INFO] PluginManager:217 - loadIPPluginJar : add aes
2022-10-18 20:33:07,592 [INFO] IPUIPlugin:79 - create IPUIPlugin
2022-10-18 20:33:07,592 [INFO] PluginManager:217 - loadIPPluginJar : add can
2022-10-18 20:33:07,613 [INFO] IPUIPlugin:79 - create IPUIPlugin
2022-10-18 20:33:07,613 [INFO] PluginManager:217 - loadIPPluginJar : add comp
2022-10-18 20:33:07,643 [INFO] IPUIPlugin:79 - create IPUIPlugin
2022-10-18 20:33:07,643 [INFO] PluginManager:217 - loadIPPluginJar : add cryp
2022-10-18 20:33:07,663 [INFO] IPUIPlugin:79 - create IPUIPlugin
2022-10-18 20:33:07,663 [INFO] PluginManager:217 - loadIPPluginJar : add dfsdm
2022-10-18 20:33:07,683 [INFO] IPUIPlugin:79 - create IPUIPlugin
2022-10-18 20:33:07,683 [INFO] PluginManager:217 - loadIPPluginJar : add dma
2022-10-18 20:33:07,714 [INFO] IPUIPlugin:79 - create IPUIPlugin
2022-10-18 20:33:07,714 [INFO] PluginManager:217 - loadIPPluginJar : add dma3
2022-10-18 20:33:07,734 [INFO] IPUIPlugin:79 - create IPUIPlugin
2022-10-18 20:33:07,734 [INFO] PluginManager:217 - loadIPPluginJar : add fatfs
2022-10-18 20:33:07,775 [INFO] IPUIPlugin:79 - create IPUIPlugin
2022-10-18 20:33:07,775 [INFO] PluginManager:217 - loadIPPluginJar : add fmc
2022-10-18 20:33:07,803 [INFO] IPUIPlugin:79 - create IPUIPlugin
2022-10-18 20:33:07,803 [INFO] PluginManager:217 - loadIPPluginJar : add freertos
2022-10-18 20:33:07,815 [INFO] IPUIPlugin:79 - create IPUIPlugin
2022-10-18 20:33:07,815 [INFO] PluginManager:217 - loadIPPluginJar : add genericplugin
2022-10-18 20:33:07,915 [INFO] IPUIPlugin:79 - create IPUIPlugin
2022-10-18 20:33:07,915 [INFO] PluginManager:217 - loadIPPluginJar : add gfxmmu
2022-10-18 20:33:08,025 [INFO] IPUIPlugin:79 - create IPUIPlugin
2022-10-18 20:33:08,025 [INFO] PluginManager:217 - loadIPPluginJar : add gic
2022-10-18 20:33:08,043 [INFO] IPUIPlugin:79 - create IPUIPlugin
2022-10-18 20:33:08,045 [INFO] PluginManager:217 - loadIPPluginJar : add gpio
2022-10-18 20:33:08,116 [INFO] IPUIPlugin:79 - create IPUIPlugin
2022-10-18 20:33:08,116 [INFO] PluginManager:217 - loadIPPluginJar : add gtzc
2022-10-18 20:33:08,144 [INFO] IPUIPlugin:79 - create IPUIPlugin
2022-10-18 20:33:08,144 [INFO] PluginManager:217 - loadIPPluginJar : add hash
2022-10-18 20:33:08,187 [INFO] IPUIPlugin:79 - create IPUIPlugin
2022-10-18 20:33:08,187 [INFO] PluginManager:217 - loadIPPluginJar : add i2c
2022-10-18 20:33:08,218 [INFO] IPUIPlugin:79 - create IPUIPlugin
2022-10-18 20:33:08,218 [INFO] PluginManager:217 - loadIPPluginJar : add i2s
2022-10-18 20:33:08,329 [INFO] IPUIPlugin:79 - create IPUIPlugin
2022-10-18 20:33:08,329 [INFO] PluginManager:217 - loadIPPluginJar : add ipddr
2022-10-18 20:33:08,408 [INFO] IPUIPlugin:79 - create IPUIPlugin
2022-10-18 20:33:08,410 [INFO] PluginManager:217 - loadIPPluginJar : add linkedlist
2022-10-18 20:33:08,431 [INFO] IPUIPlugin:79 - create IPUIPlugin
2022-10-18 20:33:08,439 [INFO] PluginManager:217 - loadIPPluginJar : add lorawan
2022-10-18 20:33:08,461 [INFO] IPUIPlugin:79 - create IPUIPlugin
2022-10-18 20:33:08,461 [INFO] PluginManager:217 - loadIPPluginJar : add ltdc
2022-10-18 20:33:08,481 [INFO] IPUIPlugin:79 - create IPUIPlugin
2022-10-18 20:33:08,481 [INFO] PluginManager:217 - loadIPPluginJar : add mdma
2022-10-18 20:33:08,491 [INFO] IPUIPlugin:79 - create IPUIPlugin
2022-10-18 20:33:08,491 [INFO] PluginManager:217 - loadIPPluginJar : add nvic
2022-10-18 20:33:08,530 [INFO] IPUIPlugin:79 - create IPUIPlugin
2022-10-18 20:33:08,530 [INFO] PluginManager:217 - loadIPPluginJar : add opamp
2022-10-18 20:33:08,583 [INFO] IPUIPlugin:79 - create IPUIPlugin
2022-10-18 20:33:08,583 [INFO] PluginManager:217 - loadIPPluginJar : add openamp
2022-10-18 20:33:08,623 [INFO] IPUIPlugin:79 - create IPUIPlugin
2022-10-18 20:33:08,623 [INFO] PluginManager:217 - loadIPPluginJar : add pdm2pcm
2022-10-18 20:33:08,643 [INFO] IPUIPlugin:79 - create IPUIPlugin
2022-10-18 20:33:08,651 [INFO] PluginManager:217 - loadIPPluginJar : add plateformsettings
2022-10-18 20:33:08,672 [INFO] IPUIPlugin:79 - create IPUIPlugin
2022-10-18 20:33:08,672 [INFO] PluginManager:217 - loadIPPluginJar : add quadspi
2022-10-18 20:33:08,684 [INFO] IPUIPlugin:79 - create IPUIPlugin
2022-10-18 20:33:08,684 [INFO] PluginManager:217 - loadIPPluginJar : add resmgrutility
2022-10-18 20:33:08,743 [INFO] IPUIPlugin:79 - create IPUIPlugin
2022-10-18 20:33:08,743 [INFO] PluginManager:217 - loadIPPluginJar : add sai
2022-10-18 20:33:08,775 [INFO] IPUIPlugin:79 - create IPUIPlugin
2022-10-18 20:33:08,775 [INFO] PluginManager:217 - loadIPPluginJar : add spi
2022-10-18 20:33:08,826 [INFO] IPUIPlugin:79 - create IPUIPlugin
2022-10-18 20:33:08,826 [INFO] PluginManager:217 - loadIPPluginJar : add stm32_wpan
2022-10-18 20:33:08,846 [INFO] IPUIPlugin:79 - create IPUIPlugin
2022-10-18 20:33:08,846 [INFO] PluginManager:217 - loadIPPluginJar : add tim
2022-10-18 20:33:08,895 [INFO] IPUIPlugin:79 - create IPUIPlugin
2022-10-18 20:33:08,895 [INFO] PluginManager:217 - loadIPPluginJar : add touchsensing
2022-10-18 20:33:08,917 [INFO] IPUIPlugin:79 - create IPUIPlugin
2022-10-18 20:33:08,917 [INFO] PluginManager:217 - loadIPPluginJar : add tracer_emb
2022-10-18 20:33:08,937 [INFO] IPUIPlugin:79 - create IPUIPlugin
2022-10-18 20:33:08,937 [INFO] PluginManager:217 - loadIPPluginJar : add ts
2022-10-18 20:33:08,955 [INFO] IPUIPlugin:79 - create IPUIPlugin
2022-10-18 20:33:08,955 [INFO] PluginManager:217 - loadIPPluginJar : add tsc
2022-10-18 20:33:08,967 [INFO] IPUIPlugin:79 - create IPUIPlugin
2022-10-18 20:33:08,967 [INFO] PluginManager:217 - loadIPPluginJar : add ucpd
2022-10-18 20:33:09,008 [INFO] IPUIPlugin:79 - create IPUIPlugin
2022-10-18 20:33:09,008 [INFO] PluginManager:217 - loadIPPluginJar : add usart
2022-10-18 20:33:09,049 [INFO] IPUIPlugin:79 - create IPUIPlugin
2022-10-18 20:33:09,049 [INFO] PluginManager:217 - loadIPPluginJar : add usbx
2022-10-18 20:33:09,423 [FATAL] Updater:301 - Updater called before beeing initialized
2022-10-18 20:33:09,615 [FATAL] Updater:301 - Updater called before beeing initialized
2022-10-18 20:33:09,643 [INFO] DbMcusAds:52 - JSON generation date=Thu Sep 30 08:56:37 CEST 2021 (1632984997303)
2022-10-18 20:33:09,645 [FATAL] Updater:301 - Updater called before beeing initialized
2022-10-18 20:33:09,693 [INFO] ThirdPartyUpdaterWithRetryManager:70 - Updater plugin not ready yet. [2/15]
2022-10-18 20:33:09,746 [WARN] DetailPanel:344 - Failed to get advertising image, set to default
2022-10-18 20:33:09,938 [FATAL] Updater:301 - Updater called before beeing initialized
2022-10-18 20:33:09,946 [FATAL] Updater:301 - Updater called before beeing initialized
2022-10-18 20:33:09,946 [FATAL] Updater:301 - Updater called before beeing initialized
2022-10-18 20:33:09,946 [WARN] DetailPanel:344 - Failed to get advertising image, set to default
2022-10-18 20:33:09,948 [FATAL] Updater:301 - Updater called before beeing initialized
2022-10-18 20:33:10,050 [ERROR] Updater:1105 - MainUpdater not yet initialized. External WinMGr cannot be set.
2022-10-18 20:33:10,068 [INFO] Updater:1041 - Updater Version found : 6.6.1
2022-10-18 20:33:10,090 [INFO] ApplicationProperties:181 - Using Application install path: D:\ST\STM32CubeIDE_1.8.0\STM32CubeIDE\plugins\com.st.stm32cube.common.mx_6.6.1.202207061420
2022-10-18 20:33:10,302 [INFO] MainUpdater:516 - Copy updater definitions from MX database
2022-10-18 20:33:10,738 [INFO] MainUpdater:2768 - connection check result : 10
2022-10-18 20:33:10,738 [INFO] MainUpdater:3453 - Updater definition file requires update
2022-10-18 20:33:10,738 [INFO] MainUpdater:280 - Updater Check For Update Now.
2022-10-18 20:33:10,738 [INFO] MicroXplorer:481 - Change Database Version : DB.6.0.60
2022-10-18 20:33:10,809 [INFO] ServerAccessManage:474 - Download File updaters.zip
2022-10-18 20:33:11,173 [INFO] FileExtend:239 - Unzip File : updaters.zip
2022-10-18 20:33:11,173 [INFO] FileExtend:254 - Standard Zip Deflate
2022-10-18 20:33:11,794 [INFO] ServerAccessManage:474 - Download File PacksControlFlags.xml
2022-10-18 20:33:11,905 [INFO] ServerAccessManage:474 - Download File cubemx.pidx
2022-10-18 20:33:12,115 [INFO] LoadServerUpdatesThread:367 - End of LoadServerUpdate Thread
2022-10-18 20:33:12,390 [INFO] CheckServerUpdateThread:119 - End of CheckServer Thread
2022-10-18 20:33:12,408 [INFO] MainUpdater:2768 - connection check result : 10
2022-10-18 20:33:12,979 [WARN] PackLoader:242 - Cannot read IP mode file for STMicroelectronics.X-CUBE-GNSS1.6.0.0
2022-10-18 20:33:13,070 [WARN] PackLoader:242 - Cannot read IP mode file for STMicroelectronics.X-CUBE-AZRTOS-F4.1.1.0
2022-10-18 20:33:13,082 [INFO] McuFinderGlobals:57 - Set McuFinderConnectedMode to true
2022-10-18 20:33:13,101 [INFO] MultiScanPanel:195 - Auto-refresh data requested => check proxy status ongoing
2022-10-18 20:33:13,105 [INFO] FinderPluginLoader:92 - Searching for filters in installed packs
2022-10-18 20:33:13,111 [INFO] FinderPluginLoader:105 - Found C:\Users\10990\STM32Cube\Repository\Packs\STMicroelectronics\X-CUBE-AI\7.2.0\CubeMX\plugins\ip\ai.7.2.0.jar
2022-10-18 20:33:13,113 [INFO] FinderPluginLoader:115 - Loading ai.7.2.0
2022-10-18 20:33:13,113 [WARN] PackLoader:242 - Cannot read IP mode file for STMicroelectronics.X-CUBE-BLEMGR.1.2.0
2022-10-18 20:33:13,162 [INFO] McuExtendedFiltersManager:94 - Add MCU extended filter: Artificial Intelligence
2022-10-18 20:33:13,194 [WARN] PackLoader:242 - Cannot read IP mode file for STMicroelectronics.X-CUBE-AZRTOS-F7.1.1.0
2022-10-18 20:33:13,235 [WARN] PackLoader:242 - Cannot read IP mode file for STMicroelectronics.X-CUBE-AI.7.1.0
2022-10-18 20:33:13,261 [WARN] PackLoader:242 - Cannot read IP mode file for STMicroelectronics.X-CUBE-BLE1.6.2.3
2022-10-18 20:33:13,397 [INFO] ApiDb:576 - Connected to CubeFinder SQLite database (C:\Users\10990\.stmcufinder\plugins\mcufinder\mcu\cube-finder-db.db)
2022-10-18 20:33:13,459 [INFO] ApiDb:663 - CubeFinder database Data Model version=2.1
2022-10-18 20:33:13,467 [INFO] ApiDb:664 - CubeFinder database Configuration version=3.0.32
2022-10-18 20:33:13,467 [INFO] ApiDb:665 - CubeFinder database generation date=2022-08-05 (1659688109)
2022-10-18 20:33:13,467 [INFO] ApiDb:666 - CubeFinder database FW Pack versions=[STM32Cube_FW_C0_V1.0.0, STM32Cube_FW_F4_V1.27.1, STM32Cube_FW_F7_V1.17.0, STM32Cube_FW_G0_V1.6.1, STM32Cube_FW_G4_V1.5.0, STM32Cube_FW_H7_V1.10.0, STM32Cube_FW_L5_V1.4.0, STM32Cube_FW_U5_V1.1.1, STM32Cube_FW_WB_V1.14.1, STM32Cube_FW_WL_V1.2.0, X-CUBE-ALGOBUILD_V1.3.0, X-CUBE-ALS_V1.0.1, X-CUBE-AZRTOS-F4_V1.1.0, X-CUBE-AZRTOS-F7_V1.1.0, X-CUBE-AZRTOS-G0_V1.1.0, X-CUBE-AZRTOS-G4_V1.0.0, X-CUBE-AZRTOS-H7_V2.1.0, X-CUBE-AZRTOS-L4_V1.0.0, X-CUBE-AZRTOS-L5_V1.0.0, X-CUBE-AZRTOS-WL_V1.0.0, X-CUBE-BLE1_V6.2.3, X-CUBE-BLE2_V3.3.0, X-CUBE-EEPRMA1_V3.1.1, X-CUBE-GNSS1_V6.0.0, X-CUBE-MEMS1_V9.1.0, X-CUBE-MEMS1_V9.3.0, X-CUBE-NFC4_V2.0.4, X-CUBE-NFC7_V1.0.0, X-CUBE-SFXS2LP1_V4.0.0, X-CUBE-SUBG2_V5.0.0]
2022-10-18 20:33:13,536 [WARN] PackLoader:242 - Cannot read IP mode file for STMicroelectronics.X-CUBE-BLE1.6.2.2
2022-10-18 20:33:13,561 [WARN] PackLoader:242 - Cannot read IP mode file for STMicroelectronics.X-CUBE-NFC4.2.0.4
2022-10-18 20:33:13,581 [WARN] PackLoader:242 - Cannot read IP mode file for STMicroelectronics.X-CUBE-BLE2.3.2.2
2022-10-18 20:33:13,601 [WARN] PackLoader:242 - Cannot read IP mode file for STMicroelectronics.X-CUBE-NFC4.2.0.3
2022-10-18 20:33:13,621 [WARN] PackLoader:242 - Cannot read IP mode file for STMicroelectronics.X-CUBE-TOUCHGFX.4.19.0
2022-10-18 20:33:13,651 [WARN] PackLoader:242 - Cannot read IP mode file for STMicroelectronics.X-CUBE-TOF1.3.1.0
2022-10-18 20:33:13,690 [WARN] PackLoader:242 - Cannot read IP mode file for STMicroelectronics.X-CUBE-SFXS2LP1.3.1.0
2022-10-18 20:33:13,750 [WARN] PackLoader:242 - Cannot read IP mode file for STMicroelectronics.X-CUBE-AZRTOS-F4.1.0.0
2022-10-18 20:33:13,772 [WARN] PackLoader:242 - Cannot read IP mode file for wolfSSL.I-CUBE-wolfSSL.5.5.0
2022-10-18 20:33:13,793 [WARN] PackLoader:242 - Cannot read IP mode file for STMicroelectronics.X-CUBE-TOF1.2.0.0
2022-10-18 20:33:13,813 [WARN] PackLoader:242 - Cannot read IP mode file for STMicroelectronics.X-CUBE-NFC7.1.0.0
2022-10-18 20:33:13,853 [WARN] PackLoader:242 - Cannot read IP mode file for STMicroelectronics.X-CUBE-SUBG2.4.2.0
2022-10-18 20:33:13,974 [WARN] PackLoader:242 - Cannot read IP mode file for STMicroelectronics.X-CUBE-MEMS1.9.3.0
2022-10-18 20:33:14,551 [WARN] PackLoader:242 - Cannot read IP mode file for STMicroelectronics.X-CUBE-AI.7.2.0
2022-10-18 20:33:14,628 [WARN] PackLoader:242 - Cannot read IP mode file for STMicroelectronics.X-CUBE-ALGOBUILD.1.2.1
2022-10-18 20:33:14,810 [WARN] PackLoader:242 - Cannot read IP mode file for STMicroelectronics.X-CUBE-AZRTOS-G0.1.0.0
2022-10-18 20:33:14,838 [WARN] PackLoader:242 - Cannot read IP mode file for STMicroelectronics.X-CUBE-SFXS2LP1.4.0.0
2022-10-18 20:33:14,850 [WARN] PackLoader:242 - Cannot read IP mode file for STMicroelectronics.X-CUBE-BLE2.3.3.0
2022-10-18 20:33:14,880 [WARN] PackLoader:242 - Cannot read IP mode file for STMicroelectronics.X-CUBE-DISPLAY.2.2.0
2022-10-18 20:33:14,901 [WARN] PackLoader:242 - Cannot read IP mode file for STMicroelectronics.X-CUBE-TOUCHGFX.4.18.1
2022-10-18 20:33:14,921 [WARN] PackLoader:242 - Cannot read IP mode file for STMicroelectronics.X-CUBE-ISPU.1.0.0
2022-10-18 20:33:14,931 [WARN] PackLoader:242 - Cannot read IP mode file for wolfSSL.I-CUBE-wolfSSL.5.0.0
2022-10-18 20:33:14,951 [WARN] PackLoader:242 - Cannot read IP mode file for RoweBots.I-CUBE-UNISONRTOS.5.5.0-4
2022-10-18 20:33:15,000 [WARN] PackLoader:242 - Cannot read IP mode file for STMicroelectronics.X-CUBE-AZRTOS-H7.2.1.0
2022-10-18 20:33:15,022 [WARN] PackLoader:242 - Cannot read IP mode file for STMicroelectronics.X-CUBE-BLEMGR.1.0.0
2022-10-18 20:33:15,042 [WARN] PackLoader:242 - Cannot read IP mode file for STMicroelectronics.X-CUBE-ALGOBUILD.1.3.0
2022-10-18 20:33:15,083 [WARN] PackLoader:242 - Cannot read IP mode file for STMicroelectronics.X-CUBE-AZRTOS-G0.1.1.0
2022-10-18 20:33:15,113 [WARN] PackLoader:242 - Cannot read IP mode file for STMicroelectronics.X-CUBE-SUBG2.5.0.0
2022-10-18 20:33:15,204 [WARN] PackLoader:242 - Cannot read IP mode file for SEGGER.I-CUBE-embOS.1.2.0
2022-10-18 20:33:15,283 [WARN] PackLoader:242 - Cannot read IP mode file for STMicroelectronics.FP-ATR-ASTRA1.1.1.1
2022-10-18 20:33:15,333 [WARN] PackLoader:242 - Cannot read IP mode file for STMicroelectronics.X-CUBE-AZRTOS-H7.2.0.0
2022-10-18 20:33:15,376 [WARN] PackLoader:242 - Cannot read IP mode file for STMicroelectronics.X-CUBE-AZRTOS-G4.1.0.0
2022-10-18 20:33:15,396 [WARN] PackLoader:242 - Cannot read IP mode file for STMicroelectronics.FP-ATR-SIGFOX1.3.2.0
2022-10-18 20:33:15,436 [WARN] PackLoader:242 - Cannot read IP mode file for STMicroelectronics.X-CUBE-AZRTOS-L4.1.0.0
2022-10-18 20:33:15,456 [WARN] PackLoader:242 - Cannot read IP mode file for emotas.I-CUBE-CANOPEN.1.1.2
2022-10-18 20:33:15,475 [WARN] PackLoader:242 - Cannot read IP mode file for STMicroelectronics.X-CUBE-TOUCHGFX.4.20.0
2022-10-18 20:33:15,517 [WARN] PackLoader:242 - Cannot read IP mode file for STMicroelectronics.X-CUBE-AZRTOS-F7.1.0.0
2022-10-18 20:33:15,547 [WARN] PackLoader:242 - Cannot read IP mode file for STMicroelectronics.X-CUBE-AZRTOS-WL.1.0.0
2022-10-18 20:33:15,628 [WARN] PackLoader:242 - Cannot read IP mode file for STMicroelectronics.X-CUBE-MEMS1.9.1.0
2022-10-18 20:33:15,848 [WARN] PackLoader:242 - Cannot read IP mode file for portGmbH.I-Cube-SoM-uGOAL.1.1.0
2022-10-18 20:33:15,869 [WARN] PackLoader:242 - Cannot read IP mode file for STMicroelectronics.X-CUBE-ALS.1.0.1
2022-10-18 20:33:15,881 [WARN] PackLoader:242 - Cannot read IP mode file for STMicroelectronics.X-CUBE-AI.7.0.0
2022-10-18 20:33:15,933 [WARN] PackLoader:242 - Cannot read IP mode file for STMicroelectronics.X-CUBE-AZRTOS-L5.1.0.0
2022-10-18 20:33:15,964 [WARN] PackLoader:242 - Cannot read IP mode file for STMicroelectronics.X-CUBE-EEPRMA1.3.1.0
2022-10-18 20:33:15,984 [WARN] PackLoader:242 - Cannot read IP mode file for STMicroelectronics.X-CUBE-EEPRMA1.3.1.1
2022-10-18 20:33:16,006 [WARN] PackLoader:242 - Cannot read IP mode file for STMicroelectronics.X-CUBE-GNSS1.5.2.0
2022-10-18 20:33:16,031 [WARN] PackLoader:242 - Cannot read IP mode file for STMicroelectronics.X-CUBE-DISPLAY.2.0.0
2022-10-18 20:33:16,055 [WARN] PackLoader:242 - Cannot read IP mode file for STMicroelectronics.X-CUBE-DISPLAY.2.0.1
2022-10-18 20:33:16,077 [WARN] PackLoader:242 - Cannot read IP mode file for STMicroelectronics.X-CUBE-TOF1.3.0.0
2022-10-18 20:33:16,085 [INFO] ThirdParty:929 - Integrity check success = true
2022-10-18 20:33:16,085 [INFO] IntegrityCheckThread:98 - exiting critical section [integrity check]
2022-10-18 20:33:16,085 [INFO] IntegrityCheckThread:101 - End integrity checks thread
2022-10-18 20:33:17,532 [INFO] ApiDb:239 - Found 138 in-development CPN: [B-WB1M-WPAN1, NUCLEO-C031C6, STEVAL-STWINBX1, STM320518-EVAL, STM32C0116-DK, STM32C011D6Y3TR, STM32C011D6Y6TR, STM32C011F4P3, STM32C011F4P6, STM32C011F4U3, STM32C011F4U6TR, STM32C011F6P3, STM32C011F6P6, STM32C011F6U3, STM32C011F6U6TR, STM32C011J4M3, STM32C011J4M6, STM32C011J6M3, STM32C011J6M6, STM32C0316-DK, STM32C031C4T3, STM32C031C4T6, STM32C031C4U3, STM32C031C4U6, STM32C031C6T3, STM32C031C6T6, STM32C031C6U3, STM32C031C6U6, STM32C031F4P3, STM32C031F4P6, STM32C031F6P3, STM32C031F6P6, STM32C031G4U3, STM32C031G4U6, STM32C031G6U3, STM32C031G6U6, STM32C031K4T3, STM32C031K4T6, STM32C031K4U3, STM32C031K4U6, STM32C031K6T3, STM32C031K6T6, STM32C031K6U3, STM32C031K6U6, STM32G071K8TXN, STM32G071K8UXN, STM32G081GBU6N, STM32G081KBT6N, STM32G081KBUXN, STM32G0B1CCT6N, STM32G0B1KCT6, STM32G0B1NEY6TR, STM32G0B1RCT6N, STM32G0C1CCT6, STM32G0C1CCT6N, STM32G0C1CCU6N, STM32G0C1CET6N, STM32G0C1CEU6N, STM32G0C1KCT6, STM32G0C1NEY6TR, STM32G0C1RCI6N, STM32G0C1RCT6N, STM32G0C1REI6N, STM32G0C1RET6N, STM32G0C1VCI6, STM32G0C1VEI6, STM32G471CCT6, STM32G471CCU6, STM32G471CET3, STM32G471CET6, STM32G471CEU3, STM32G471CEU6, STM32G471MCT6, STM32G471MET3, STM32G471MET6, STM32G471MEY6TR, STM32G471QCT6, STM32G471QET3, STM32G471RCT6, STM32G471RET3, STM32G471RET6, STM32G471VCH6, STM32G471VCI6, STM32G471VCT6, STM32G471VEH3, STM32G471VEH6, STM32G471VEI3, STM32G471VEI6, STM32G471VET3, STM32G471VET6, STM32G474CCT6, STM32L476VGY6PTR, STM32L4R5QGI6STR, STM32MP131AAE3, STM32MP131AAF3, STM32MP131AAG3, STM32MP131CAE3, STM32MP131CAF3, STM32MP131CAG3, STM32MP131DAE7, STM32MP131DAF7, STM32MP131DAG7, STM32MP131FAE7, STM32MP131FAF7, STM32MP131FAG7, STM32MP133AAE3, STM32MP133AAF3, STM32MP133AAG3, STM32MP133CAE3, STM32MP133CAF3, STM32MP133CAG3, STM32MP133DAE7, STM32MP133DAF7, STM32MP133DAG7, STM32MP133FAE7, STM32MP133FAF7, STM32MP133FAG7, STM32MP135AAE3, STM32MP135AAF3, STM32MP135AAG3, STM32MP135CAE3, STM32MP135CAF3, STM32MP135CAG3, STM32MP135DAE7, STM32MP135DAF7, STM32MP135DAG7, STM32MP135F-DK, STM32MP135FAE7, STM32MP135FAF7, STM32MP135FAG7, STM32U595ZJT6Q, STM32U599BJY6QTR, STM32U599NIH6Q, STM32U599NJH6Q, STM32U5A5ZJT6Q, STM32U5A9BJY6QTR, STM32U5A9NJH6Q, STM32WB1MMCH6]
2022-10-18 20:33:17,542 [INFO] DbMcus:215 - Found 3542 MCUs, 3542 are supported
2022-10-18 20:33:17,542 [INFO] ApiDb:418 - Load user favorites file C:\Users\10990/.stm32cubeide/favorites.mcus.txt: 0 item(s)
2022-10-18 20:33:17,542 [INFO] ApiDb:422 - User favorites MCUs=[]
2022-10-18 20:33:17,542 [INFO] DbMcus:221 - Set 0 / 0 favorites MCUs
2022-10-18 20:33:18,684 [INFO] AInterface:109 - AInterface using toolDir: C:/Users/10990/STM32Cube/Repository//Packs/STMicroelectronics/X-CUBE-AI/7.2.0/Utilities/windows
2022-10-18 20:33:19,402 [INFO] LoadUrlFilesThread:177 - End of LoadServerUrlFiles without Thread
2022-10-18 20:33:19,422 [INFO] DetailPanel:339 - Set advertising image to C:/Users/10990/STM32Cube/Repository/\en.Prom_NBSTM32U50921.jpg
2022-10-18 20:33:20,563 [INFO] ToolPreferences:109 - Table McuList, key=mcufinder_cubeide.mculist: column name not found=IO
2022-10-18 20:33:20,563 [INFO] ToolPreferences:109 - Table McuList, key=mcufinder_cubeide.mculist: column name not found=Freq.
2022-10-18 20:33:20,563 [INFO] MultiScanPanel:778 - Auto Refresh Data is not needed
2022-10-18 20:33:20,583 [INFO] ApiDb:663 - CubeFinder database Data Model version=2.1
2022-10-18 20:33:20,583 [INFO] ApiDb:664 - CubeFinder database Configuration version=3.0.32
2022-10-18 20:33:20,583 [INFO] ApiDb:665 - CubeFinder database generation date=2022-08-05 (1659688109)
2022-10-18 20:33:20,583 [INFO] ApiDb:666 - CubeFinder database FW Pack versions=[STM32Cube_FW_C0_V1.0.0, STM32Cube_FW_F4_V1.27.1, STM32Cube_FW_F7_V1.17.0, STM32Cube_FW_G0_V1.6.1, STM32Cube_FW_G4_V1.5.0, STM32Cube_FW_H7_V1.10.0, STM32Cube_FW_L5_V1.4.0, STM32Cube_FW_U5_V1.1.1, STM32Cube_FW_WB_V1.14.1, STM32Cube_FW_WL_V1.2.0, X-CUBE-ALGOBUILD_V1.3.0, X-CUBE-ALS_V1.0.1, X-CUBE-AZRTOS-F4_V1.1.0, X-CUBE-AZRTOS-F7_V1.1.0, X-CUBE-AZRTOS-G0_V1.1.0, X-CUBE-AZRTOS-G4_V1.0.0, X-CUBE-AZRTOS-H7_V2.1.0, X-CUBE-AZRTOS-L4_V1.0.0, X-CUBE-AZRTOS-L5_V1.0.0, X-CUBE-AZRTOS-WL_V1.0.0, X-CUBE-BLE1_V6.2.3, X-CUBE-BLE2_V3.3.0, X-CUBE-EEPRMA1_V3.1.1, X-CUBE-GNSS1_V6.0.0, X-CUBE-MEMS1_V9.1.0, X-CUBE-MEMS1_V9.3.0, X-CUBE-NFC4_V2.0.4, X-CUBE-NFC7_V1.0.0, X-CUBE-SFXS2LP1_V4.0.0, X-CUBE-SUBG2_V5.0.0]
2022-10-18 20:33:20,755 [INFO] DbBoardsSqlite:227 - include board P-NUCLEO-WB55-NUCLEO as a kit item of type 'Nucleo-64'
2022-10-18 20:33:20,755 [INFO] DbBoardsSqlite:227 - include board P-NUCLEO-WB55-USBDONGLE as a kit item of type 'Nucleo USB Dongle'
2022-10-18 20:33:20,755 [INFO] DbBoardsSqlite:227 - include board STEVAL-IDP005V1 as a kit item of type 'Evaluation Board'
2022-10-18 20:33:20,755 [INFO] DbBoardsSqlite:227 - include board STEVAL-IDP005V2 as a kit item of type 'Evaluation Board'
2022-10-18 20:33:20,775 [INFO] ApiDb:239 - Found 138 in-development CPN: [B-WB1M-WPAN1, NUCLEO-C031C6, STEVAL-STWINBX1, STM320518-EVAL, STM32C0116-DK, STM32C011D6Y3TR, STM32C011D6Y6TR, STM32C011F4P3, STM32C011F4P6, STM32C011F4U3, STM32C011F4U6TR, STM32C011F6P3, STM32C011F6P6, STM32C011F6U3, STM32C011F6U6TR, STM32C011J4M3, STM32C011J4M6, STM32C011J6M3, STM32C011J6M6, STM32C0316-DK, STM32C031C4T3, STM32C031C4T6, STM32C031C4U3, STM32C031C4U6, STM32C031C6T3, STM32C031C6T6, STM32C031C6U3, STM32C031C6U6, STM32C031F4P3, STM32C031F4P6, STM32C031F6P3, STM32C031F6P6, STM32C031G4U3, STM32C031G4U6, STM32C031G6U3, STM32C031G6U6, STM32C031K4T3, STM32C031K4T6, STM32C031K4U3, STM32C031K4U6, STM32C031K6T3, STM32C031K6T6, STM32C031K6U3, STM32C031K6U6, STM32G071K8TXN, STM32G071K8UXN, STM32G081GBU6N, STM32G081KBT6N, STM32G081KBUXN, STM32G0B1CCT6N, STM32G0B1KCT6, STM32G0B1NEY6TR, STM32G0B1RCT6N, STM32G0C1CCT6, STM32G0C1CCT6N, STM32G0C1CCU6N, STM32G0C1CET6N, STM32G0C1CEU6N, STM32G0C1KCT6, STM32G0C1NEY6TR, STM32G0C1RCI6N, STM32G0C1RCT6N, STM32G0C1REI6N, STM32G0C1RET6N, STM32G0C1VCI6, STM32G0C1VEI6, STM32G471CCT6, STM32G471CCU6, STM32G471CET3, STM32G471CET6, STM32G471CEU3, STM32G471CEU6, STM32G471MCT6, STM32G471MET3, STM32G471MET6, STM32G471MEY6TR, STM32G471QCT6, STM32G471QET3, STM32G471RCT6, STM32G471RET3, STM32G471RET6, STM32G471VCH6, STM32G471VCI6, STM32G471VCT6, STM32G471VEH3, STM32G471VEH6, STM32G471VEI3, STM32G471VEI6, STM32G471VET3, STM32G471VET6, STM32G474CCT6, STM32L476VGY6PTR, STM32L4R5QGI6STR, STM32MP131AAE3, STM32MP131AAF3, STM32MP131AAG3, STM32MP131CAE3, STM32MP131CAF3, STM32MP131CAG3, STM32MP131DAE7, STM32MP131DAF7, STM32MP131DAG7, STM32MP131FAE7, STM32MP131FAF7, STM32MP131FAG7, STM32MP133AAE3, STM32MP133AAF3, STM32MP133AAG3, STM32MP133CAE3, STM32MP133CAF3, STM32MP133CAG3, STM32MP133DAE7, STM32MP133DAF7, STM32MP133DAG7, STM32MP133FAE7, STM32MP133FAF7, STM32MP133FAG7, STM32MP135AAE3, STM32MP135AAF3, STM32MP135AAG3, STM32MP135CAE3, STM32MP135CAF3, STM32MP135CAG3, STM32MP135DAE7, STM32MP135DAF7, STM32MP135DAG7, STM32MP135F-DK, STM32MP135FAE7, STM32MP135FAF7, STM32MP135FAG7, STM32U595ZJT6Q, STM32U599BJY6QTR, STM32U599NIH6Q, STM32U599NJH6Q, STM32U5A5ZJT6Q, STM32U5A9BJY6QTR, STM32U5A9NJH6Q, STM32WB1MMCH6]
2022-10-18 20:33:20,965 [INFO] BoardInfo:879 - No configuration file found for board P-NUCLEO-WB55
2022-10-18 20:33:20,965 [INFO] DbBoards:156 - Kit is not supported: P-NUCLEO-WB55
2022-10-18 20:33:20,967 [INFO] BoardInfo:879 - No configuration file found for board STEVAL-BFA001V1B
2022-10-18 20:33:20,967 [INFO] DbBoards:156 - Kit is not supported: STEVAL-BFA001V1B
2022-10-18 20:33:20,975 [INFO] BoardInfo:879 - No configuration file found for board STEVAL-BFA001V2B
2022-10-18 20:33:20,975 [INFO] DbBoards:156 - Kit is not supported: STEVAL-BFA001V2B
2022-10-18 20:33:21,139 [INFO] DbBoards:160 - Found 176 boards, 173 are supported
2022-10-18 20:33:21,149 [INFO] ApiDb:418 - Load user favorites file C:\Users\10990/.stm32cubeide/favorites.boards.txt: 0 item(s)
2022-10-18 20:33:21,149 [INFO] ApiDb:422 - User favorites Boards=[]
2022-10-18 20:33:21,149 [INFO] DbBoards:189 - Set 0 / 0 favorites Boards
2022-10-18 20:38:00,486 [ERROR] LogOutputStream:74 - [STDERR_REDIRECT] Exception in thread "AWT-EventQueue-0" org.eclipse.swt.SWTException: Device is disposed
2022-10-18 20:38:00,486 [ERROR] LogOutputStream:74 - [STDERR_REDIRECT] 	at org.eclipse.swt.SWT.error(SWT.java:4918)
2022-10-18 20:38:00,486 [ERROR] LogOutputStream:74 - [STDERR_REDIRECT] 	at org.eclipse.swt.SWT.error(SWT.java:4833)
2022-10-18 20:38:00,486 [ERROR] LogOutputStream:74 - [STDERR_REDIRECT] 	at org.eclipse.swt.SWT.error(SWT.java:4804)
2022-10-18 20:38:00,493 [ERROR] LogOutputStream:74 - [STDERR_REDIRECT] 	at org.eclipse.swt.widgets.Display.error(Display.java:1272)
2022-10-18 20:38:00,493 [ERROR] LogOutputStream:74 - [STDERR_REDIRECT] 	at org.eclipse.swt.widgets.Display.asyncExec(Display.java:789)
2022-10-18 20:38:00,493 [ERROR] LogOutputStream:74 - [STDERR_REDIRECT] 	at com.st.stm32cube.common.mx.oss.core.awtswtbridge.AwtEnvironment$2.run(AwtEnvironment.java:168)
2022-10-18 20:38:00,503 [ERROR] LogOutputStream:74 - [STDERR_REDIRECT] 	at java.desktop/java.awt.event.InvocationEvent.dispatch(InvocationEvent.java:313)
2022-10-18 20:38:00,506 [ERROR] LogOutputStream:74 - [STDERR_REDIRECT] 	at java.desktop/java.awt.EventQueue.dispatchEventImpl(EventQueue.java:770)
2022-10-18 20:38:00,506 [ERROR] LogOutputStream:74 - [STDERR_REDIRECT] 	at java.desktop/java.awt.EventQueue$4.run(EventQueue.java:721)
2022-10-18 20:38:00,506 [ERROR] LogOutputStream:74 - [STDERR_REDIRECT] 	at java.desktop/java.awt.EventQueue$4.run(EventQueue.java:715)
2022-10-18 20:38:00,506 [ERROR] LogOutputStream:74 - [STDERR_REDIRECT] 	at java.base/java.security.AccessController.doPrivileged(Native Method)
2022-10-18 20:38:00,514 [ERROR] LogOutputStream:74 - [STDERR_REDIRECT] 	at java.base/java.security.ProtectionDomain$JavaSecurityAccessImpl.doIntersectionPrivilege(ProtectionDomain.java:85)
2022-10-18 20:38:00,514 [ERROR] LogOutputStream:74 - [STDERR_REDIRECT] 	at java.desktop/java.awt.EventQueue.dispatchEvent(EventQueue.java:740)
2022-10-18 20:38:00,514 [ERROR] LogOutputStream:74 - [STDERR_REDIRECT] 	at java.desktop/java.awt.EventDispatchThread.pumpOneEventForFilters(EventDispatchThread.java:203)
2022-10-18 20:38:00,522 [ERROR] LogOutputStream:74 - [STDERR_REDIRECT] 	at java.desktop/java.awt.EventDispatchThread.pumpEventsForFilter(EventDispatchThread.java:124)
2022-10-18 20:38:00,522 [ERROR] LogOutputStream:74 - [STDERR_REDIRECT] 	at java.desktop/java.awt.EventDispatchThread.pumpEventsForHierarchy(EventDispatchThread.java:113)
2022-10-18 20:38:00,530 [ERROR] LogOutputStream:74 - [STDERR_REDIRECT] 	at java.desktop/java.awt.EventDispatchThread.pumpEvents(EventDispatchThread.java:109)
2022-10-18 20:38:00,530 [ERROR] LogOutputStream:74 - [STDERR_REDIRECT] 	at java.desktop/java.awt.EventDispatchThread.pumpEvents(EventDispatchThread.java:101)
2022-10-18 20:38:00,530 [ERROR] LogOutputStream:74 - [STDERR_REDIRECT] 	at java.desktop/java.awt.EventDispatchThread.run(EventDispatchThread.java:90)
